<?xml version="1.0" encoding="UTF-8"?>
<testng-results skipped="0" failed="0" total="1" passed="1">
  <reporter-output>
  </reporter-output>
  <suite name="Default suite" duration-ms="592" started-at="2017-12-18T14:06:29Z" finished-at="2017-12-18T14:06:30Z">
    <groups>
    </groups>
    <test name="Default test" duration-ms="592" started-at="2017-12-18T14:06:29Z" finished-at="2017-12-18T14:06:30Z">
      <class name="com.toolQa.testCasess.CompreTwoExcelFiles">
        <test-method status="PASS" signature="comaringexcel()[pri:0, instance:com.toolQa.testCasess.CompreTwoExcelFiles@3e6fa38a]" name="comaringexcel" duration-ms="579" started-at="2017-12-18T19:36:29Z" finished-at="2017-12-18T19:36:30Z">
          <reporter-output>
          </reporter-output>
        </test-method> <!-- comaringexcel -->
      </class> <!-- com.toolQa.testCasess.CompreTwoExcelFiles -->
    </test> <!-- Default test -->
  </suite> <!-- Default suite -->
</testng-results>
