<?xml version="1.0" encoding="UTF-8"?>
<!-- Generated by org.testng.reporters.JUnitXMLReporter -->
<testsuite hostname="User-PC" name="Test on firefox" tests="9" failures="0" timestamp="18 Dec 2017 06:53:49 GMT" time="178.76" errors="0">
  <testcase name="handelMessageWindow" time="0.554" classname="com.toolQa.testCasess.SwitchWindowTest"/>
  <testcase name="handelingBrowserWindow" time="9.833" classname="com.toolQa.testCasess.SwitchWindowTest"/>
  <testcase name="f" time="0.007" classname="com.toolQa.testCasess.RegistrationTest"/>
  <testcase name="f" time="3.011" classname="com.toolQa.testCasess.RegistrationTest"/>
  <testcase name="f" time="2.934" classname="com.toolQa.testCasess.RegistrationTest"/>
  <testcase name="f" time="2.49" classname="com.toolQa.testCasess.RegistrationTest"/>
  <testcase name="f" time="2.219" classname="com.toolQa.testCasess.RegistrationTest"/>
  <testcase name="f" time="2.116" classname="com.toolQa.testCasess.RegistrationTest"/>
  <testcase name="f" time="2.121" classname="com.toolQa.testCasess.RegistrationTest"/>
</testsuite> <!-- Test on firefox -->
