<?xml version="1.0" encoding="UTF-8"?>
<!-- Generated by org.testng.reporters.JUnitXMLReporter -->
<testsuite hostname="User-PC" name="Test on chrome" tests="9" failures="0" timestamp="18 Dec 2017 06:53:09 GMT" time="138.766" errors="0">
  <testcase name="handelMessageWindow" time="3.043" classname="com.toolQa.testCasess.SwitchWindowTest"/>
  <testcase name="handelingBrowserWindow" time="7.531" classname="com.toolQa.testCasess.SwitchWindowTest"/>
  <testcase name="f" time="0.458" classname="com.toolQa.testCasess.RegistrationTest"/>
  <testcase name="f" time="4.125" classname="com.toolQa.testCasess.RegistrationTest"/>
  <testcase name="f" time="3.965" classname="com.toolQa.testCasess.RegistrationTest"/>
  <testcase name="f" time="4.167" classname="com.toolQa.testCasess.RegistrationTest"/>
  <testcase name="f" time="2.048" classname="com.toolQa.testCasess.RegistrationTest"/>
  <testcase name="f" time="4.133" classname="com.toolQa.testCasess.RegistrationTest"/>
  <testcase name="f" time="4.01" classname="com.toolQa.testCasess.RegistrationTest"/>
</testsuite> <!-- Test on chrome -->
